Using pre-set license
Built from '2020.3/staging' branch; Version is '2020.3.16f1 (049d6eca3c44) revision 302446'; Using compiler version '192528614'; Build Type 'Release'
OS: 'Windows 10 Pro; OS build 10586.494; Version 1511; 64bit' Language: 'en' Physical Memory: 3971 MB
BatchMode: 1, IsHumanControllingUs: 0, StartBugReporterOnCrash: 0, Is64bit: 1, IsPro: 0

 COMMAND LINE ARGUMENTS:
C:\Program Files\Unity\Hub\Editor\2020.3.16f1\Editor\Unity.exe
-adb2
-batchMode
-noUpm
-name
AssetImportWorker1
-projectPath
C:/Users/Mario/Documents/GitHub/Devs/ProyectoMinerDev
-logFile
Logs/AssetImportWorker1.log
-srvPort
59603
Successfully changed project path to: C:/Users/Mario/Documents/GitHub/Devs/ProyectoMinerDev
C:/Users/Mario/Documents/GitHub/Devs/ProyectoMinerDev
Using Asset Import Pipeline V2.
Refreshing native plugins compatible for Editor in 104.95 ms, found 3 plugins.
Preloading 0 native plugins for Editor in 0.00 ms.
Initialize engine version: 2020.3.16f1 (049d6eca3c44)
[Subsystems] Discovering subsystems at path C:/Program Files/Unity/Hub/Editor/2020.3.16f1/Editor/Data/Resources/UnitySubsystems
[Subsystems] Discovering subsystems at path C:/Users/Mario/Documents/GitHub/Devs/ProyectoMinerDev/Assets
GfxDevice: creating device client; threaded=0
Direct3D:
    Version:  Direct3D 11.0 [level 11.1]
    Renderer: Intel(R) UHD Graphics 620 (ID=0x5917)
    Vendor:   
    VRAM:     1985 MB
    Driver:   22.20.16.4749
Initialize mono
Mono path[0] = 'C:/Program Files/Unity/Hub/Editor/2020.3.16f1/Editor/Data/Managed'
Mono path[1] = 'C:/Program Files/Unity/Hub/Editor/2020.3.16f1/Editor/Data/MonoBleedingEdge/lib/mono/unityjit'
Mono config path = 'C:/Program Files/Unity/Hub/Editor/2020.3.16f1/Editor/Data/MonoBleedingEdge/etc'
Using monoOptions --debugger-agent=transport=dt_socket,embedding=1,server=y,suspend=n,address=127.0.0.1:56192
Begin MonoManager ReloadAssembly
Registering precompiled unity dll's ...
Register platform support module: C:/Program Files/Unity/Hub/Editor/2020.3.16f1/Editor/Data/PlaybackEngines/WindowsStandaloneSupport/UnityEditor.WindowsStandalone.Extensions.dll
Registered in 0.001987 seconds.
Native extension for WindowsStandalone target not found
Refreshing native plugins compatible for Editor in 81.49 ms, found 3 plugins.
Preloading 0 native plugins for Editor in 0.00 ms.
Mono: successfully reloaded assembly
- Completed reload, in  2.849 seconds
Domain Reload Profiling:
	ReloadAssembly (2849ms)
		BeginReloadAssembly (86ms)
			ExecutionOrderSort (0ms)
			DisableScriptedObjects (0ms)
			BackupInstance (0ms)
			ReleaseScriptingObjects (0ms)
			CreateAndSetChildDomain (1ms)
		EndReloadAssembly (762ms)
			LoadAssemblies (84ms)
			RebuildTransferFunctionScriptingTraits (0ms)
			SetupTypeCache (297ms)
			ReleaseScriptCaches (0ms)
			RebuildScriptCaches (55ms)
			SetupLoadedEditorAssemblies (303ms)
				LogAssemblyErrors (0ms)
				InitializePlatformSupportModulesInManaged (6ms)
				SetLoadedEditorAssemblies (0ms)
				RefreshPlugins (82ms)
				BeforeProcessingInitializeOnLoad (17ms)
				ProcessInitializeOnLoadAttributes (146ms)
				ProcessInitializeOnLoadMethodAttributes (52ms)
				AfterProcessingInitializeOnLoad (0ms)
				EditorAssembliesLoaded (0ms)
			ExecutionOrderSort2 (0ms)
			AwakeInstancesAfterBackupRestoration (0ms)
Platform modules already initialized, skipping
Registering precompiled user dll's ...
Registered in 0.004609 seconds.
Begin MonoManager ReloadAssembly
Native extension for WindowsStandalone target not found
Refreshing native plugins compatible for Editor in 121.60 ms, found 3 plugins.
Preloading 0 native plugins for Editor in 0.00 ms.
Mono: successfully reloaded assembly
- Completed reload, in  7.076 seconds
Domain Reload Profiling:
	ReloadAssembly (7084ms)
		BeginReloadAssembly (271ms)
			ExecutionOrderSort (0ms)
			DisableScriptedObjects (12ms)
			BackupInstance (0ms)
			ReleaseScriptingObjects (0ms)
			CreateAndSetChildDomain (32ms)
		EndReloadAssembly (6695ms)
			LoadAssemblies (4557ms)
			RebuildTransferFunctionScriptingTraits (1ms)
			SetupTypeCache (651ms)
			ReleaseScriptCaches (1ms)
			RebuildScriptCaches (100ms)
			SetupLoadedEditorAssemblies (1061ms)
				LogAssemblyErrors (0ms)
				InitializePlatformSupportModulesInManaged (12ms)
				SetLoadedEditorAssemblies (0ms)
				RefreshPlugins (122ms)
				BeforeProcessingInitializeOnLoad (142ms)
				ProcessInitializeOnLoadAttributes (742ms)
				ProcessInitializeOnLoadMethodAttributes (34ms)
				AfterProcessingInitializeOnLoad (9ms)
				EditorAssembliesLoaded (0ms)
			ExecutionOrderSort2 (0ms)
			AwakeInstancesAfterBackupRestoration (14ms)
Platform modules already initialized, skipping
========================================================================
Worker process is ready to serve import requests
Launched and connected shader compiler UnityShaderCompiler.exe after 0.06 seconds
Refreshing native plugins compatible for Editor in 0.66 ms, found 3 plugins.
Preloading 0 native plugins for Editor in 0.00 ms.
Unloading 2091 Unused Serialized files (Serialized files now loaded: 0)
System memory in use before: 93.1 MB.
System memory in use after: 93.2 MB.

Unloading 28 unused Assets to reduce memory usage. Loaded Objects now: 2528.
Total: 10.077672 ms (FindLiveObjects: 0.433159 ms CreateObjectMapping: 0.173449 ms MarkObjects: 8.971122 ms  DeleteObjects: 0.495768 ms)

AssetImportParameters requested are different than current active one (requested -> active):
  custom:framework-win-MediaFoundation: 216162199b28c13a410421893ffa2e32 -> 
  custom:video-decoder-ogg-theora: a1e56fd34408186e4bbccfd4996cb3dc -> 
  custom:container-muxer-webm: aa71ff27fc2769a1b78a27578f13a17b -> 
  custom:container-demuxer-webm: 4f35f7cbe854078d1ac9338744f61a02 -> 
  custom:container-demuxer-ogg: 62fdf1f143b41e24485cea50d1cbac27 -> 
  custom:video-encoder-webm-vp8: eb34c28f22e8b96e1ab97ce403110664 -> 
  custom:video-codec-MediaFoundation-h265: 55f8c8538cf0483ab7069ead6b737db2 -> 
  custom:video-decoder-webm-vp8: 9c59270c3fd7afecdb556c50c9e8de78 -> 
  custom:audio-decoder-ogg-vorbis: bf7c407c2cedff20999df2af8eb42d56 -> 
  custom:audio-encoder-webm-vorbis: bf7c407c2cedff20999df2af8eb42d56 -> 
========================================================================
Received Import Request.
  path: Assets/Spirates
  artifactKey: Guid(bcccc6dffa1d7654daccdf6de0a0bcb0) Importer(815301076,1909f56bfc062723c751e8b465ee728b)
Start importing Assets/Spirates using Guid(bcccc6dffa1d7654daccdf6de0a0bcb0) Importer(815301076,1909f56bfc062723c751e8b465ee728b)  -> (artifact id: '09ddb606f5941eca92124426fd149f14') in 0.023411 seconds 
  Import took 0.029719 seconds .

========================================================================
Received Prepare
Registering precompiled user dll's ...
Registered in 0.005880 seconds.
Begin MonoManager ReloadAssembly
Native extension for WindowsStandalone target not found
Refreshing native plugins compatible for Editor in 65.40 ms, found 3 plugins.
Preloading 0 native plugins for Editor in 0.00 ms.
Mono: successfully reloaded assembly
- Completed reload, in  2.933 seconds
Domain Reload Profiling:
	ReloadAssembly (2939ms)
		BeginReloadAssembly (343ms)
			ExecutionOrderSort (0ms)
			DisableScriptedObjects (50ms)
			BackupInstance (0ms)
			ReleaseScriptingObjects (0ms)
			CreateAndSetChildDomain (139ms)
		EndReloadAssembly (2484ms)
			LoadAssemblies (170ms)
			RebuildTransferFunctionScriptingTraits (0ms)
			SetupTypeCache (779ms)
			ReleaseScriptCaches (2ms)
			RebuildScriptCaches (127ms)
			SetupLoadedEditorAssemblies (1048ms)
				LogAssemblyErrors (0ms)
				InitializePlatformSupportModulesInManaged (6ms)
				SetLoadedEditorAssemblies (0ms)
				RefreshPlugins (66ms)
				BeforeProcessingInitializeOnLoad (86ms)
				ProcessInitializeOnLoadAttributes (859ms)
				ProcessInitializeOnLoadMethodAttributes (19ms)
				AfterProcessingInitializeOnLoad (11ms)
				EditorAssembliesLoaded (0ms)
			ExecutionOrderSort2 (0ms)
			AwakeInstancesAfterBackupRestoration (35ms)
Platform modules already initialized, skipping
Refreshing native plugins compatible for Editor in 1.81 ms, found 3 plugins.
Preloading 0 native plugins for Editor in 0.00 ms.
Unloading 2232 Unused Serialized files (Serialized files now loaded: 0)
System memory in use before: 96.5 MB.
System memory in use after: 96.7 MB.

Unloading 16 unused Assets to reduce memory usage. Loaded Objects now: 2682.
Total: 10.873961 ms (FindLiveObjects: 0.632115 ms CreateObjectMapping: 0.288464 ms MarkObjects: 9.888918 ms  DeleteObjects: 0.059362 ms)

AssetImportParameters requested are different than current active one (requested -> active):
  custom:framework-win-MediaFoundation: 216162199b28c13a410421893ffa2e32 -> 
  custom:video-decoder-ogg-theora: a1e56fd34408186e4bbccfd4996cb3dc -> 
  custom:container-muxer-webm: aa71ff27fc2769a1b78a27578f13a17b -> 
  custom:container-demuxer-webm: 4f35f7cbe854078d1ac9338744f61a02 -> 
  custom:container-demuxer-ogg: 62fdf1f143b41e24485cea50d1cbac27 -> 
  custom:video-encoder-webm-vp8: eb34c28f22e8b96e1ab97ce403110664 -> 
  custom:video-codec-MediaFoundation-h265: 55f8c8538cf0483ab7069ead6b737db2 -> 
  custom:video-decoder-webm-vp8: 9c59270c3fd7afecdb556c50c9e8de78 -> 
  custom:audio-decoder-ogg-vorbis: bf7c407c2cedff20999df2af8eb42d56 -> 
  custom:audio-encoder-webm-vorbis: bf7c407c2cedff20999df2af8eb42d56 -> 
========================================================================
Received Import Request.
  Time since last request: 245.618458 seconds.
  path: Assets/SuperTiled2Unity/SuperTiled2Unity.asmdef
  artifactKey: Guid(06e56dbbb8dec4d43a0b85b0fe0dd0ca) Importer(815301076,1909f56bfc062723c751e8b465ee728b)
Start importing Assets/SuperTiled2Unity/SuperTiled2Unity.asmdef using Guid(06e56dbbb8dec4d43a0b85b0fe0dd0ca) Importer(815301076,1909f56bfc062723c751e8b465ee728b)  -> (artifact id: '077dc2e7641f43105fe60c885c20f5b2') in 0.053304 seconds 
  Import took 0.068135 seconds .

========================================================================
Received Import Request.
  Time since last request: 7.120685 seconds.
  path: Assets/SuperTiled2Unity/Examples
  artifactKey: Guid(c23fc3cbae7046043b4a864d8bf94021) Importer(815301076,1909f56bfc062723c751e8b465ee728b)
Start importing Assets/SuperTiled2Unity/Examples using Guid(c23fc3cbae7046043b4a864d8bf94021) Importer(815301076,1909f56bfc062723c751e8b465ee728b)  -> (artifact id: '14e996c0d97e7843f20b288fed571520') in 0.014499 seconds 
  Import took 0.022357 seconds .

========================================================================
Received Import Request.
  Time since last request: 0.997591 seconds.
  path: Assets/SuperTiled2Unity/Scripts
  artifactKey: Guid(a36758cd3f224324ab2a1d605addd15e) Importer(815301076,1909f56bfc062723c751e8b465ee728b)
Start importing Assets/SuperTiled2Unity/Scripts using Guid(a36758cd3f224324ab2a1d605addd15e) Importer(815301076,1909f56bfc062723c751e8b465ee728b)  -> (artifact id: '30bcf2c17aafdf8e98ffb027d2eab958') in 0.014559 seconds 
  Import took 0.026883 seconds .

========================================================================
Received Import Request.
  Time since last request: 3.714094 seconds.
  path: Assets/SuperTiled2Unity/Icons
  artifactKey: Guid(e1709325440e4af4eb9ae825e9c3c49e) Importer(815301076,1909f56bfc062723c751e8b465ee728b)
Start importing Assets/SuperTiled2Unity/Icons using Guid(e1709325440e4af4eb9ae825e9c3c49e) Importer(815301076,1909f56bfc062723c751e8b465ee728b)  -> (artifact id: 'ef7ffe2bbbc36a279f1c94e59f97f034') in 0.014889 seconds 
  Import took 0.021988 seconds .

========================================================================
Received Import Request.
  Time since last request: 0.058655 seconds.
  path: Assets/SuperTiled2Unity/Icons/tiled-settings-icon-0x1badd00d.png
  artifactKey: Guid(0016a15d29ea344499f092ce94b25a68) Importer(815301076,1909f56bfc062723c751e8b465ee728b)
Start importing Assets/SuperTiled2Unity/Icons/tiled-settings-icon-0x1badd00d.png using Guid(0016a15d29ea344499f092ce94b25a68) Importer(815301076,1909f56bfc062723c751e8b465ee728b)  -> (artifact id: '09ba8e8f86125777e005cae0740075d0') in 0.263510 seconds 
  Import took 0.271732 seconds .

========================================================================
Received Import Request.
  Time since last request: 0.000230 seconds.
  path: Assets/SuperTiled2Unity/Icons/tx-file-icon-0x1badd00d.png
  artifactKey: Guid(8917742d33b8e744f91ec41c4dbb44bc) Importer(815301076,1909f56bfc062723c751e8b465ee728b)
Start importing Assets/SuperTiled2Unity/Icons/tx-file-icon-0x1badd00d.png using Guid(8917742d33b8e744f91ec41c4dbb44bc) Importer(815301076,1909f56bfc062723c751e8b465ee728b)  -> (artifact id: '022395e45ad9a84a63bc28be669ee3cf') in 0.038882 seconds 
  Import took 0.045127 seconds .

========================================================================
Received Import Request.
  Time since last request: 0.000291 seconds.
  path: Assets/SuperTiled2Unity/Icons/tsx-file-icon-0x1badd00d.png
  artifactKey: Guid(456cd7fe3f53df64da488af63fed1de2) Importer(815301076,1909f56bfc062723c751e8b465ee728b)
Start importing Assets/SuperTiled2Unity/Icons/tsx-file-icon-0x1badd00d.png using Guid(456cd7fe3f53df64da488af63fed1de2) Importer(815301076,1909f56bfc062723c751e8b465ee728b)  -> (artifact id: '62a5565b580a33f37aad11ca1bfc0d3f') in 0.039428 seconds 
  Import took 0.047546 seconds .

========================================================================
Received Import Request.
  Time since last request: 0.000277 seconds.
  path: Assets/SuperTiled2Unity/Icons/tmx-file-icon-0x1badd00d.png
  artifactKey: Guid(3bbe1872cdca28840b24eb648e071bcb) Importer(815301076,1909f56bfc062723c751e8b465ee728b)
Start importing Assets/SuperTiled2Unity/Icons/tmx-file-icon-0x1badd00d.png using Guid(3bbe1872cdca28840b24eb648e071bcb) Importer(815301076,1909f56bfc062723c751e8b465ee728b)  -> (artifact id: '49525de851f3121e2c5376899ce132b7') in 0.034171 seconds 
  Import took 0.041898 seconds .

========================================================================
Received Import Request.
  Time since last request: 0.000366 seconds.
  path: Assets/SuperTiled2Unity/Icons/world-file-icon-0x1badd00d.png
  artifactKey: Guid(f7af46740b1964f4ab9520d050bdde12) Importer(815301076,1909f56bfc062723c751e8b465ee728b)
Start importing Assets/SuperTiled2Unity/Icons/world-file-icon-0x1badd00d.png using Guid(f7af46740b1964f4ab9520d050bdde12) Importer(815301076,1909f56bfc062723c751e8b465ee728b)  -> (artifact id: '17e5f41d6a503148d2c91f1469dec3ff') in 0.040100 seconds 
  Import took 0.049879 seconds .

========================================================================
Received Import Request.
  Time since last request: 3.001432 seconds.
  path: Assets/SuperTiled2Unity/Examples/Overhead
  artifactKey: Guid(cd861d8055f21e943af3a80956e46ad1) Importer(815301076,1909f56bfc062723c751e8b465ee728b)
Start importing Assets/SuperTiled2Unity/Examples/Overhead using Guid(cd861d8055f21e943af3a80956e46ad1) Importer(815301076,1909f56bfc062723c751e8b465ee728b)  -> (artifact id: '31bace1b0585b73b2c22581537ee13ae') in 0.016676 seconds 
  Import took 0.026823 seconds .

========================================================================
Received Import Request.
  Time since last request: 1.128198 seconds.
  path: Assets/SuperTiled2Unity/Examples/Overhead/Sprites
  artifactKey: Guid(b70e97ca14fe2e04e992b06a1ca5ce6b) Importer(815301076,1909f56bfc062723c751e8b465ee728b)
Start importing Assets/SuperTiled2Unity/Examples/Overhead/Sprites using Guid(b70e97ca14fe2e04e992b06a1ca5ce6b) Importer(815301076,1909f56bfc062723c751e8b465ee728b)  -> (artifact id: '43f9790ecb072432a4f0e604c6e46da4') in 0.016451 seconds 
  Import took 0.027195 seconds .

========================================================================
Received Import Request.
  Time since last request: 1.158698 seconds.
  path: Assets/SuperTiled2Unity/Examples/Overhead/Sprites/MegaDad
  artifactKey: Guid(223ecf04dc3da92429dcc871c27d4fe3) Importer(815301076,1909f56bfc062723c751e8b465ee728b)
Start importing Assets/SuperTiled2Unity/Examples/Overhead/Sprites/MegaDad using Guid(223ecf04dc3da92429dcc871c27d4fe3) Importer(815301076,1909f56bfc062723c751e8b465ee728b)  -> (artifact id: 'ee1aef8bf168f848c33176917dc1128e') in 0.015331 seconds 
  Import took 0.025163 seconds .

========================================================================
Received Import Request.
  Time since last request: 0.045358 seconds.
  path: Assets/SuperTiled2Unity/Examples/Overhead/Sprites/MegaDad/MegaDad-sheet.png
  artifactKey: Guid(8316d0d42ebacbc4fa5611f00c6dfbd6) Importer(815301076,1909f56bfc062723c751e8b465ee728b)
Start importing Assets/SuperTiled2Unity/Examples/Overhead/Sprites/MegaDad/MegaDad-sheet.png using Guid(8316d0d42ebacbc4fa5611f00c6dfbd6) Importer(815301076,1909f56bfc062723c751e8b465ee728b)  -> (artifact id: 'f192c927cd2dd5b7ba5d32fc2255be4e') in 0.095631 seconds 
  Import took 0.103966 seconds .

========================================================================
Received Import Request.
  Time since last request: 0.000261 seconds.
  path: Assets/SuperTiled2Unity/Examples/Overhead/Sprites/MegaDad/MegaDad.prefab
  artifactKey: Guid(b256ddac5c33133449143b5aa4810a22) Importer(815301076,1909f56bfc062723c751e8b465ee728b)
Start importing Assets/SuperTiled2Unity/Examples/Overhead/Sprites/MegaDad/MegaDad.prefab using Guid(b256ddac5c33133449143b5aa4810a22) Importer(815301076,1909f56bfc062723c751e8b465ee728b)  -> (artifact id: 'ab373e8f01d88519ecc6c8186eb55544') in 0.309814 seconds 
  Import took 0.319494 seconds .

========================================================================
Received Import Request.
  Time since last request: 2.530561 seconds.
  path: Assets/SuperTiled2Unity/Examples/Overhead/Sprites/Splash
  artifactKey: Guid(12929131a60060c4dbc302d8f4bdbfe8) Importer(815301076,1909f56bfc062723c751e8b465ee728b)
Start importing Assets/SuperTiled2Unity/Examples/Overhead/Sprites/Splash using Guid(12929131a60060c4dbc302d8f4bdbfe8) Importer(815301076,1909f56bfc062723c751e8b465ee728b)  -> (artifact id: '9d243d5065e91fe6f90ffa2490b887fb') in 0.017007 seconds 
  Import took 0.024952 seconds .

========================================================================
Received Import Request.
  Time since last request: 0.048043 seconds.
  path: Assets/SuperTiled2Unity/Examples/Overhead/Sprites/Splash/splash.png
  artifactKey: Guid(18d30c59af9110b4bbd93aef44b2736a) Importer(815301076,1909f56bfc062723c751e8b465ee728b)
Start importing Assets/SuperTiled2Unity/Examples/Overhead/Sprites/Splash/splash.png using Guid(18d30c59af9110b4bbd93aef44b2736a) Importer(815301076,1909f56bfc062723c751e8b465ee728b)  -> (artifact id: 'b6ffa2e43a651d8189360775f1fa38af') in 0.047062 seconds 
  Import took 0.058127 seconds .

========================================================================
Received Import Request.
  Time since last request: 0.000475 seconds.
  path: Assets/SuperTiled2Unity/Examples/Overhead/Sprites/Splash/Splash.prefab
  artifactKey: Guid(df520848e060ff94292b085fd6e824ef) Importer(815301076,1909f56bfc062723c751e8b465ee728b)
Start importing Assets/SuperTiled2Unity/Examples/Overhead/Sprites/Splash/Splash.prefab using Guid(df520848e060ff94292b085fd6e824ef) Importer(815301076,1909f56bfc062723c751e8b465ee728b)  -> (artifact id: 'a66e47d02b3e4325a6ea3095da68d2f0') in 0.028463 seconds 
  Import took 0.036457 seconds .

========================================================================
Received Import Request.
  Time since last request: 34.367055 seconds.
  path: Assets/SuperTiled2Unity
  artifactKey: Guid(0e09e491b847fc046884faf44c9fba7e) Importer(815301076,1909f56bfc062723c751e8b465ee728b)
Start importing Assets/SuperTiled2Unity using Guid(0e09e491b847fc046884faf44c9fba7e) Importer(815301076,1909f56bfc062723c751e8b465ee728b)  -> (artifact id: '5a792c737a3686b0c8f8c8f516a66813') in 0.005903 seconds 
  Import took 0.013219 seconds .

========================================================================
Received Import Request.
  Time since last request: 324.747997 seconds.
  path: Assets/SuperTiled2Unity/Import
  artifactKey: Guid(3fe62b3fd9356fe40a62dd3f5b8e3a64) Importer(815301076,1909f56bfc062723c751e8b465ee728b)
Start importing Assets/SuperTiled2Unity/Import using Guid(3fe62b3fd9356fe40a62dd3f5b8e3a64) Importer(815301076,1909f56bfc062723c751e8b465ee728b)  -> (artifact id: '51543dad12722d7f92fda38582448bac') in 0.012927 seconds 
  Import took 0.023304 seconds .

========================================================================
Received Import Request.
  Time since last request: 0.000868 seconds.
  path: Assets/SuperTiled2Unity/Import
  artifactKey: Guid(3fe62b3fd9356fe40a62dd3f5b8e3a64) Importer(815301076,1909f56bfc062723c751e8b465ee728b)
Start importing Assets/SuperTiled2Unity/Import using Guid(3fe62b3fd9356fe40a62dd3f5b8e3a64) Importer(815301076,1909f56bfc062723c751e8b465ee728b)  -> (artifact id: '51543dad12722d7f92fda38582448bac') in 0.003630 seconds 
  Import took 0.010895 seconds .

========================================================================
Received Import Request.
  Time since last request: 13.547029 seconds.
  path: Assets/SuperTiled2Unity/Import/Test_Map.tmx
  artifactKey: Guid(08564508fcb416b438fb1c5c9fbdec7c) Importer(815301076,1909f56bfc062723c751e8b465ee728b)
Start importing Assets/SuperTiled2Unity/Import/Test_Map.tmx using Guid(08564508fcb416b438fb1c5c9fbdec7c) Importer(815301076,1909f56bfc062723c751e8b465ee728b)  -> (artifact id: 'ad1bc6b73718d21196ce748f029a6ce8') in 0.100187 seconds 
  Import took 0.106744 seconds .

========================================================================
Received Import Request.
  Time since last request: 0.103473 seconds.
  path: Assets/SuperTiled2Unity/Import/Test_Map.tmx
  artifactKey: Guid(08564508fcb416b438fb1c5c9fbdec7c) Importer(815301076,1909f56bfc062723c751e8b465ee728b)
Start importing Assets/SuperTiled2Unity/Import/Test_Map.tmx using Guid(08564508fcb416b438fb1c5c9fbdec7c) Importer(815301076,1909f56bfc062723c751e8b465ee728b)  -> (artifact id: 'ad1bc6b73718d21196ce748f029a6ce8') in 0.010604 seconds 
  Import took 0.017387 seconds .

========================================================================
Received Import Request.
  Time since last request: 66.309377 seconds.
  path: Assets/SuperTiled2Unity/Import/Modern_Office_16x16.tsx
  artifactKey: Guid(0cfe9d65600a27c48af4aa19abe5ea54) Importer(815301076,1909f56bfc062723c751e8b465ee728b)
Start importing Assets/SuperTiled2Unity/Import/Modern_Office_16x16.tsx using Guid(0cfe9d65600a27c48af4aa19abe5ea54) Importer(815301076,1909f56bfc062723c751e8b465ee728b)  -> (artifact id: '87d832101752b5d667cbda2e5ca24e53') in 0.017791 seconds 
  Import took 0.026951 seconds .

========================================================================
Received Import Request.
  Time since last request: 53.752950 seconds.
  path: Assets/SuperTiled2Unity/Import/Test_Map_16.tmx
  artifactKey: Guid(efa4acf367052734aaa62d32a16ef81c) Importer(815301076,1909f56bfc062723c751e8b465ee728b)
Start importing Assets/SuperTiled2Unity/Import/Test_Map_16.tmx using Guid(efa4acf367052734aaa62d32a16ef81c) Importer(815301076,1909f56bfc062723c751e8b465ee728b)  -> (artifact id: '693f5c834e947bee94a74fcdb34e020c') in 0.019116 seconds 
  Import took 0.027962 seconds .

========================================================================
Received Import Request.
  Time since last request: 0.070591 seconds.
  path: Assets/SuperTiled2Unity/Import/Test_Map_16.tmx
  artifactKey: Guid(efa4acf367052734aaa62d32a16ef81c) Importer(815301076,1909f56bfc062723c751e8b465ee728b)
Start importing Assets/SuperTiled2Unity/Import/Test_Map_16.tmx using Guid(efa4acf367052734aaa62d32a16ef81c) Importer(815301076,1909f56bfc062723c751e8b465ee728b)  -> (artifact id: '693f5c834e947bee94a74fcdb34e020c') in 0.008167 seconds 
  Import took 0.014643 seconds .

========================================================================
Received Import Request.
  Time since last request: 228.135476 seconds.
  path: Assets/SuperTiled2Unity/Import/Interior_TileSet_16x16.tsx
  artifactKey: Guid(34f3952194911eb4a95c0d5e9578f733) Importer(815301076,1909f56bfc062723c751e8b465ee728b)
Start importing Assets/SuperTiled2Unity/Import/Interior_TileSet_16x16.tsx using Guid(34f3952194911eb4a95c0d5e9578f733) Importer(815301076,1909f56bfc062723c751e8b465ee728b)  -> (artifact id: '1cd59d1ebaf55fc47e0af001238ba154') in 0.037589 seconds 
  Import took 0.124275 seconds .

========================================================================
Received Import Request.
  Time since last request: 0.000560 seconds.
  path: Assets/SuperTiled2Unity/Import/Room_Builder_Office_16x16.tsx
  artifactKey: Guid(45d8c2e6053928d4c9b9fff58ecccc5e) Importer(815301076,1909f56bfc062723c751e8b465ee728b)
Start importing Assets/SuperTiled2Unity/Import/Room_Builder_Office_16x16.tsx using Guid(45d8c2e6053928d4c9b9fff58ecccc5e) Importer(815301076,1909f56bfc062723c751e8b465ee728b)  -> (artifact id: 'ab782bcb0854a2190a0e987d5fac31ac') in 0.023424 seconds 
  Import took 0.031533 seconds .

========================================================================
Received Import Request.
  Time since last request: 16.895659 seconds.
  path: Assets/SuperTiled2Unity/Import/Room_Builder_Office_16x16.tsx
  artifactKey: Guid(45d8c2e6053928d4c9b9fff58ecccc5e) Importer(815301076,1909f56bfc062723c751e8b465ee728b)
Start importing Assets/SuperTiled2Unity/Import/Room_Builder_Office_16x16.tsx using Guid(45d8c2e6053928d4c9b9fff58ecccc5e) Importer(815301076,1909f56bfc062723c751e8b465ee728b)  -> (artifact id: '6bae2ea84aead94e3062dfda41f83855') in 0.007561 seconds 
  Import took 0.016104 seconds .

========================================================================
Received Import Request.
  Time since last request: 0.000245 seconds.
  path: Assets/SuperTiled2Unity/Import/Test_Tileset.tsx
  artifactKey: Guid(31aff4a0a8e86ad4ab6a1a1d7fe061e8) Importer(815301076,1909f56bfc062723c751e8b465ee728b)
Start importing Assets/SuperTiled2Unity/Import/Test_Tileset.tsx using Guid(31aff4a0a8e86ad4ab6a1a1d7fe061e8) Importer(815301076,1909f56bfc062723c751e8b465ee728b)  -> (artifact id: '85048a38aca20898a7589dc278eab671') in 0.017567 seconds 
  Import took 0.027437 seconds .

========================================================================
Received Import Request.
  Time since last request: 0.000296 seconds.
  path: Assets/SuperTiled2Unity/Import/Room_Builder_Office_32x32.tsx
  artifactKey: Guid(e2653aaad41f2df4e85aa9f64e56016d) Importer(815301076,1909f56bfc062723c751e8b465ee728b)
Start importing Assets/SuperTiled2Unity/Import/Room_Builder_Office_32x32.tsx using Guid(e2653aaad41f2df4e85aa9f64e56016d) Importer(815301076,1909f56bfc062723c751e8b465ee728b)  -> (artifact id: '8d233890c50ccf6aa7ace0fae5b04096') in 0.023228 seconds 
  Import took 0.032348 seconds .

========================================================================
Received Import Request.
  Time since last request: 0.000264 seconds.
  path: Assets/SuperTiled2Unity/Import/test2.tsx
  artifactKey: Guid(653ee442c560e50449a1923d5e1dfe4f) Importer(815301076,1909f56bfc062723c751e8b465ee728b)
Start importing Assets/SuperTiled2Unity/Import/test2.tsx using Guid(653ee442c560e50449a1923d5e1dfe4f) Importer(815301076,1909f56bfc062723c751e8b465ee728b)  -> (artifact id: 'aee0de16940c70336f276c899985d29c') in 0.017556 seconds 
  Import took 0.030121 seconds .

========================================================================
Received Import Request.
  Time since last request: 18.826378 seconds.
  path: Assets/SuperTiled2Unity/Import/Tiles
  artifactKey: Guid(b20006a1c895ca4489e910062a2bf1ba) Importer(815301076,1909f56bfc062723c751e8b465ee728b)
Start importing Assets/SuperTiled2Unity/Import/Tiles using Guid(b20006a1c895ca4489e910062a2bf1ba) Importer(815301076,1909f56bfc062723c751e8b465ee728b)  -> (artifact id: 'b1904978e412973c628c7ffaef5661ef') in 0.012752 seconds 
  Import took 0.021993 seconds .

========================================================================
Received Import Request.
  Time since last request: 0.006217 seconds.
  path: Assets/SuperTiled2Unity/Import/Tiles
  artifactKey: Guid(b20006a1c895ca4489e910062a2bf1ba) Importer(815301076,1909f56bfc062723c751e8b465ee728b)
Start importing Assets/SuperTiled2Unity/Import/Tiles using Guid(b20006a1c895ca4489e910062a2bf1ba) Importer(815301076,1909f56bfc062723c751e8b465ee728b)  -> (artifact id: 'b1904978e412973c628c7ffaef5661ef') in 0.004341 seconds 
  Import took 0.012922 seconds .

========================================================================
Received Import Request.
  Time since last request: 7.773744 seconds.
  path: Assets/SuperTiled2Unity/Import/Test_Map_16.tmx
  artifactKey: Guid(efa4acf367052734aaa62d32a16ef81c) Importer(815301076,1909f56bfc062723c751e8b465ee728b)
Start importing Assets/SuperTiled2Unity/Import/Test_Map_16.tmx using Guid(efa4acf367052734aaa62d32a16ef81c) Importer(815301076,1909f56bfc062723c751e8b465ee728b)  -> (artifact id: '14a8bc38f081e27bd0b2ccfec2bcd4b7') in 0.052046 seconds 
  Import took 0.060217 seconds .

========================================================================
Received Import Request.
  Time since last request: 82.948363 seconds.
  path: Assets/SuperTiled2Unity/Import/Test_Map.tmx
  artifactKey: Guid(08564508fcb416b438fb1c5c9fbdec7c) Importer(815301076,1909f56bfc062723c751e8b465ee728b)
Start importing Assets/SuperTiled2Unity/Import/Test_Map.tmx using Guid(08564508fcb416b438fb1c5c9fbdec7c) Importer(815301076,1909f56bfc062723c751e8b465ee728b)  -> (artifact id: '640cb675664f2d666f5ad84eb465654c') in 0.113249 seconds 
  Import took 0.124836 seconds .

========================================================================
Received Import Request.
  Time since last request: 0.000286 seconds.
  path: Assets/SuperTiled2Unity/Import/Test_Map_16.tmx
  artifactKey: Guid(efa4acf367052734aaa62d32a16ef81c) Importer(815301076,1909f56bfc062723c751e8b465ee728b)
Start importing Assets/SuperTiled2Unity/Import/Test_Map_16.tmx using Guid(efa4acf367052734aaa62d32a16ef81c) Importer(815301076,1909f56bfc062723c751e8b465ee728b)  -> (artifact id: 'cf2300ed387e3596a7c8f9627a582891') in 0.052507 seconds 
  Import took 0.059738 seconds .

========================================================================
Received Import Request.
  Time since last request: 33.461014 seconds.
  path: Assets/SuperTiled2Unity/Import/Tiles/Interior_TileSet_16x16.tsx
  artifactKey: Guid(4cadc3a11627d774a8a8beb13390ed91) Importer(815301076,1909f56bfc062723c751e8b465ee728b)
Start importing Assets/SuperTiled2Unity/Import/Tiles/Interior_TileSet_16x16.tsx using Guid(4cadc3a11627d774a8a8beb13390ed91) Importer(815301076,1909f56bfc062723c751e8b465ee728b)  -> (artifact id: 'f5c9e2b0770c5972688ac10b8dea53eb') in 0.029315 seconds 
  Import took 0.045397 seconds .

========================================================================
Received Import Request.
  Time since last request: 0.000968 seconds.
  path: Assets/SuperTiled2Unity/Import/Tiles/Room_Builder_Office_16x16.tsx
  artifactKey: Guid(45d8c2e6053928d4c9b9fff58ecccc5e) Importer(815301076,1909f56bfc062723c751e8b465ee728b)
Start importing Assets/SuperTiled2Unity/Import/Tiles/Room_Builder_Office_16x16.tsx using Guid(45d8c2e6053928d4c9b9fff58ecccc5e) Importer(815301076,1909f56bfc062723c751e8b465ee728b)  -> (artifact id: '6aee73cb44df9d1b075029fb14575b36') in 0.005261 seconds 
  Import took 0.012935 seconds .

========================================================================
Received Import Request.
  Time since last request: 0.000235 seconds.
  path: Assets/SuperTiled2Unity/Import/Tiles/Modern_Office_16x16.tsx
  artifactKey: Guid(b3596f8cba9e56c41b018abb307340f7) Importer(815301076,1909f56bfc062723c751e8b465ee728b)
Start importing Assets/SuperTiled2Unity/Import/Tiles/Modern_Office_16x16.tsx using Guid(b3596f8cba9e56c41b018abb307340f7) Importer(815301076,1909f56bfc062723c751e8b465ee728b)  -> (artifact id: '0430fe0e8d62c3424ec86138f820f095') in 0.005349 seconds 
  Import took 0.012274 seconds .

========================================================================
Received Import Request.
  Time since last request: 4.554770 seconds.
  path: Assets/SuperTiled2Unity/Import/Tiles/Tiles32
  artifactKey: Guid(c04734daa34dfaf4bb9c8e479624da91) Importer(815301076,1909f56bfc062723c751e8b465ee728b)
Start importing Assets/SuperTiled2Unity/Import/Tiles/Tiles32 using Guid(c04734daa34dfaf4bb9c8e479624da91) Importer(815301076,1909f56bfc062723c751e8b465ee728b)  -> (artifact id: '36f0de849dfffc10af6b2e298c06aa76') in 0.013193 seconds 
  Import took 0.020788 seconds .

========================================================================
Received Import Request.
  Time since last request: 0.067245 seconds.
  path: Assets/SuperTiled2Unity/Import/Tiles/Tiles32/Room_Builder_Office_16x16.tsx
  artifactKey: Guid(733dd90e9a3f9774e88aba4064f2df68) Importer(815301076,1909f56bfc062723c751e8b465ee728b)
Start importing Assets/SuperTiled2Unity/Import/Tiles/Tiles32/Room_Builder_Office_16x16.tsx using Guid(733dd90e9a3f9774e88aba4064f2df68) Importer(815301076,1909f56bfc062723c751e8b465ee728b)  -> (artifact id: 'ae98716455cf5eca3a0c13495376c20d') in 0.004493 seconds 
  Import took 0.012112 seconds .

========================================================================
Received Import Request.
  Time since last request: 0.000308 seconds.
  path: Assets/SuperTiled2Unity/Import/Tiles/Tiles32/test2.tsx
  artifactKey: Guid(d4d5a24a5a3a51041b61f453f4396de3) Importer(815301076,1909f56bfc062723c751e8b465ee728b)
Start importing Assets/SuperTiled2Unity/Import/Tiles/Tiles32/test2.tsx using Guid(d4d5a24a5a3a51041b61f453f4396de3) Importer(815301076,1909f56bfc062723c751e8b465ee728b)  -> (artifact id: '03058da9622729fd25a28313b34d7e92') in 0.005978 seconds 
  Import took 0.012198 seconds .

========================================================================
Received Import Request.
  Time since last request: 0.000476 seconds.
  path: Assets/SuperTiled2Unity/Import/Tiles/Tiles32/Room_Builder_Office_32x32.tsx
  artifactKey: Guid(10d826d46feac0247b00ef2b73171471) Importer(815301076,1909f56bfc062723c751e8b465ee728b)
Start importing Assets/SuperTiled2Unity/Import/Tiles/Tiles32/Room_Builder_Office_32x32.tsx using Guid(10d826d46feac0247b00ef2b73171471) Importer(815301076,1909f56bfc062723c751e8b465ee728b)  -> (artifact id: '93fbdc74fffc0c6428c87899f45d0d9c') in 0.005791 seconds 
  Import took 0.015282 seconds .

========================================================================
Received Import Request.
  Time since last request: 0.000320 seconds.
  path: Assets/SuperTiled2Unity/Import/Tiles/Tiles32/Test_Tileset.tsx
  artifactKey: Guid(26074deaec6c5474e9179f44dad2324c) Importer(815301076,1909f56bfc062723c751e8b465ee728b)
Start importing Assets/SuperTiled2Unity/Import/Tiles/Tiles32/Test_Tileset.tsx using Guid(26074deaec6c5474e9179f44dad2324c) Importer(815301076,1909f56bfc062723c751e8b465ee728b)  -> (artifact id: 'fa0342c88e9bdac9fd0373a06a537633') in 0.006085 seconds 
  Import took 0.014797 seconds .

AssetImportWorkerClient::OnTransportError - code=2 error=End of file
